<?xml version="1.0" encoding="UTF-8"?>
<!-- Generated by org.testng.reporters.JUnitXMLReporter -->
<testsuite hostname="LAPTOP-69PVCUGI" name="Teacher" tests="20" failures="0" timestamp="16 Mar 2020 23:54:15 GMT" time="0.083" errors="0">
  <testcase name="mobilet1" time="0.005" classname="ask.tests.Acceptance"/>
  <testcase name="mobilet2" time="0.001" classname="ask.tests.Acceptance"/>
  <testcase name="mobilet3" time="0.0" classname="ask.tests.Acceptance"/>
  <testcase name="mobilet4" time="0.001" classname="ask.tests.Acceptance"/>
  <testcase name="mobilet5" time="0.002" classname="ask.tests.Acceptance"/>
  <testcase name="t1" time="0.001" classname="ask.tests.Acceptance"/>
  <testcase name="t2" time="0.001" classname="ask.tests.Acceptance"/>
  <testcase name="t3" time="0.001" classname="ask.tests.Acceptance"/>
  <testcase name="t4" time="0.006" classname="ask.tests.Acceptance"/>
  <testcase name="t5" time="0.002" classname="ask.tests.Acceptance"/>
  <testcase name="t1" time="0.001" classname="ask.tests.TestNG"/>
  <testcase name="t2" time="0.0" classname="ask.tests.TestNG"/>
  <testcase name="t3" time="0.001" classname="ask.tests.TestNG"/>
  <testcase name="t4" time="0.001" classname="ask.tests.TestNG"/>
  <testcase name="t5" time="0.001" classname="ask.tests.TestNG"/>
  <testcase name="t1" time="0.001" classname="ask.tests.Regression"/>
  <testcase name="t2" time="0.001" classname="ask.tests.Regression"/>
  <testcase name="t3" time="0.001" classname="ask.tests.Regression"/>
  <testcase name="t4" time="0.001" classname="ask.tests.Regression"/>
  <testcase name="t5" time="0.001" classname="ask.tests.Regression"/>
</testsuite> <!-- Teacher -->
