<?xml version="1.0" encoding="UTF-8"?>
<!-- Generated by org.testng.reporters.JUnitXMLReporter -->
<testsuite hostname="LAPTOP-69PVCUGI" name="Test" tests="4" failures="0" timestamp="26 Feb 2020 21:10:42 GMT" time="59.18" errors="0">
  <testcase name="verifyQuizName" time="0.869" classname="ask.tests.ListOfQuizzesTest"/>
  <testcase name="loginAsTeacherTC" time="5.496" classname="ask.tests.LoginTests"/>
  <testcase name="loginAsTeacherTC" time="1.023" classname="ask.tests.LoginTests"/>
  <testcase name="loginAsTeacherTC" time="0.999" classname="ask.tests.LoginTests"/>
</testsuite> <!-- Test -->
