<?xml version="1.0" encoding="UTF-8"?>
<!-- Generated by org.testng.reporters.JUnitXMLReporter -->
<testsuite hostname="LAPTOP-69PVCUGI" name="Test" tests="4" failures="0" timestamp="21 Mar 2020 01:26:31 GMT" time="182.728" errors="0">
  <testcase name="completeAssignment1" time="4.389" classname="ask.tests.AssessmentTest"/>
  <testcase name="loginAsStudentTC" time="5.39" classname="ask.tests.LoginTest"/>
  <testcase name="assignQuizTC" time="4.308" classname="ask.tests.AssignQuizTest"/>
  <testcase name="createNewQuizTest" time="9.801" classname="ask.tests.QuizBuilderTest"/>
</testsuite> <!-- Test -->
