<?xml version="1.0" encoding="UTF-8"?>
<testng-results skipped="0" failed="1" total="2" passed="1">
  <reporter-output>
  </reporter-output>
  <suite name="Default suite" duration-ms="49220" started-at="2020-04-04T18:10:41Z" finished-at="2020-04-04T18:11:30Z">
    <groups>
    </groups>
    <test name="Default test" duration-ms="49220" started-at="2020-04-04T18:10:41Z" finished-at="2020-04-04T18:11:30Z">
      <class name="ask.util.SeleniumTest">
        <test-method status="FAIL" signature="findBrokenLinks()[pri:0, instance:ask.util.SeleniumTest@1134affc]" name="findBrokenLinks" duration-ms="24933" started-at="2020-04-04T13:10:41Z" finished-at="2020-04-04T13:11:06Z">
          <exception class="java.lang.AssertionError">
            <message>
              <![CDATA[The following asserts failed:
https://freecrm.com/!!!   FAILED  !!!Forbidden, https://freecrm.com/!!!   FAILED  !!!Forbidden, https://register.freecrm.com/register/!!!   FAILED  !!!Forbidden, https://freecrm.com/about.html!!!   FAILED  !!!Forbidden, https://freecrm.com/#!!!   FAILED  !!!Forbidden, https://freecrm.com/crmcloud.html!!!   FAILED  !!!Forbidden, https://freecrm.com/hipaa.html!!!   FAILED  !!!Forbidden, https://freecrm.com/dental.html!!!   FAILED  !!!Forbidden, https://freecrm.com/auto.html!!!   FAILED  !!!Forbidden, https://freecrm.com/callcenter.html!!!   FAILED  !!!Forbidden, https://freecrm.com/insurance.html!!!   FAILED  !!!Forbidden, https://freecrm.com/re.html!!!   FAILED  !!!Forbidden, https://freecrm.com/ps.html!!!   FAILED  !!!Forbidden, https://freecrm.com/cb.html!!!   FAILED  !!!Forbidden, https://freecrm.com/is.html!!!   FAILED  !!!Forbidden, https://freecrm.com/compare.html!!!   FAILED  !!!Forbidden, https://freecrm.com/pricing.html!!!   FAILED  !!!Forbidden, https://ui.freecrm.com/!!!   FAILED  !!!Forbidden, https://register.freecrm.com/register/!!!   FAILED  !!!Forbidden, https://register.freecrm.com/register/!!!   FAILED  !!!Forbidden, https://register.freecrm.com/register/!!!   FAILED  !!!Forbidden, https://register.freecrm.com/register/!!!   FAILED  !!!Forbidden, https://register.freecrm.com/register/!!!   FAILED  !!!Forbidden, https://register.freecrm.com/register/!!!   FAILED  !!!Forbidden, https://freecrm.com/!!!   FAILED  !!!Forbidden, https://freecrm.com/crmcloud.html!!!   FAILED  !!!Forbidden, https://freecrm.com/hipaa.html!!!   FAILED  !!!Forbidden, https://freecrm.com/dental.html!!!   FAILED  !!!Forbidden, https://freecrm.com/hipaa.html!!!   FAILED  !!!Forbidden, https://freecrm.com/auto.html!!!   FAILED  !!!Forbidden, https://freecrm.com/callcenter.html!!!   FAILED  !!!Forbidden, https://freecrm.com/insurance.html!!!   FAILED  !!!Forbidden, https://freecrm.com/re.html!!!   FAILED  !!!Forbidden, https://freecrm.com/ps.html!!!   FAILED  !!!Forbidden, https://freecrm.com/cb.html!!!   FAILED  !!!Forbidden, https://freecrm.com/is.html!!!   FAILED  !!!Forbidden, https://freecrm.com/crmcloud.html!!!   FAILED  !!!Forbidden, https://freecrm.com/crmcloud.html!!!   FAILED  !!!Forbidden, https://freecrm.com/crmcloud.html!!!   FAILED  !!!Forbidden, https://freecrm.com/crmcloud.html!!!   FAILED  !!!Forbidden, https://freecrm.com/crmcloud.html!!!   FAILED  !!!Forbidden, https://freecrm.com/privacy.html!!!   FAILED  !!!Forbidden, https://freecrm.com/terms.html!!!   FAILED  !!!Forbidden, https://freecrm.com/#!!!   FAILED  !!!Forbidden]]>
            </message>
            <full-stacktrace>
              <![CDATA[java.lang.AssertionError: The following asserts failed:
https://freecrm.com/!!!   FAILED  !!!Forbidden, https://freecrm.com/!!!   FAILED  !!!Forbidden, https://register.freecrm.com/register/!!!   FAILED  !!!Forbidden, https://freecrm.com/about.html!!!   FAILED  !!!Forbidden, https://freecrm.com/#!!!   FAILED  !!!Forbidden, https://freecrm.com/crmcloud.html!!!   FAILED  !!!Forbidden, https://freecrm.com/hipaa.html!!!   FAILED  !!!Forbidden, https://freecrm.com/dental.html!!!   FAILED  !!!Forbidden, https://freecrm.com/auto.html!!!   FAILED  !!!Forbidden, https://freecrm.com/callcenter.html!!!   FAILED  !!!Forbidden, https://freecrm.com/insurance.html!!!   FAILED  !!!Forbidden, https://freecrm.com/re.html!!!   FAILED  !!!Forbidden, https://freecrm.com/ps.html!!!   FAILED  !!!Forbidden, https://freecrm.com/cb.html!!!   FAILED  !!!Forbidden, https://freecrm.com/is.html!!!   FAILED  !!!Forbidden, https://freecrm.com/compare.html!!!   FAILED  !!!Forbidden, https://freecrm.com/pricing.html!!!   FAILED  !!!Forbidden, https://ui.freecrm.com/!!!   FAILED  !!!Forbidden, https://register.freecrm.com/register/!!!   FAILED  !!!Forbidden, https://register.freecrm.com/register/!!!   FAILED  !!!Forbidden, https://register.freecrm.com/register/!!!   FAILED  !!!Forbidden, https://register.freecrm.com/register/!!!   FAILED  !!!Forbidden, https://register.freecrm.com/register/!!!   FAILED  !!!Forbidden, https://register.freecrm.com/register/!!!   FAILED  !!!Forbidden, https://freecrm.com/!!!   FAILED  !!!Forbidden, https://freecrm.com/crmcloud.html!!!   FAILED  !!!Forbidden, https://freecrm.com/hipaa.html!!!   FAILED  !!!Forbidden, https://freecrm.com/dental.html!!!   FAILED  !!!Forbidden, https://freecrm.com/hipaa.html!!!   FAILED  !!!Forbidden, https://freecrm.com/auto.html!!!   FAILED  !!!Forbidden, https://freecrm.com/callcenter.html!!!   FAILED  !!!Forbidden, https://freecrm.com/insurance.html!!!   FAILED  !!!Forbidden, https://freecrm.com/re.html!!!   FAILED  !!!Forbidden, https://freecrm.com/ps.html!!!   FAILED  !!!Forbidden, https://freecrm.com/cb.html!!!   FAILED  !!!Forbidden, https://freecrm.com/is.html!!!   FAILED  !!!Forbidden, https://freecrm.com/crmcloud.html!!!   FAILED  !!!Forbidden, https://freecrm.com/crmcloud.html!!!   FAILED  !!!Forbidden, https://freecrm.com/crmcloud.html!!!   FAILED  !!!Forbidden, https://freecrm.com/crmcloud.html!!!   FAILED  !!!Forbidden, https://freecrm.com/crmcloud.html!!!   FAILED  !!!Forbidden, https://freecrm.com/privacy.html!!!   FAILED  !!!Forbidden, https://freecrm.com/terms.html!!!   FAILED  !!!Forbidden, https://freecrm.com/#!!!   FAILED  !!!Forbidden
	at org.testng.asserts.SoftAssert.assertAll(SoftAssert.java:37)
	at ask.util.SeleniumTest.findBrokenLinks(SeleniumTest.java:89)
	at sun.reflect.NativeMethodAccessorImpl.invoke0(Native Method)
	at sun.reflect.NativeMethodAccessorImpl.invoke(Unknown Source)
	at sun.reflect.DelegatingMethodAccessorImpl.invoke(Unknown Source)
	at java.lang.reflect.Method.invoke(Unknown Source)
	at org.testng.internal.MethodInvocationHelper.invokeMethod(MethodInvocationHelper.java:80)
	at org.testng.internal.Invoker.invokeMethod(Invoker.java:714)
	at org.testng.internal.Invoker.invokeTestMethod(Invoker.java:901)
	at org.testng.internal.Invoker.invokeTestMethods(Invoker.java:1231)
	at org.testng.internal.TestMethodWorker.invokeTestMethods(TestMethodWorker.java:127)
	at org.testng.internal.TestMethodWorker.run(TestMethodWorker.java:111)
	at org.testng.TestRunner.privateRun(TestRunner.java:767)
	at org.testng.TestRunner.run(TestRunner.java:617)
	at org.testng.SuiteRunner.runTest(SuiteRunner.java:334)
	at org.testng.SuiteRunner.runSequentially(SuiteRunner.java:329)
	at org.testng.SuiteRunner.privateRun(SuiteRunner.java:291)
	at org.testng.SuiteRunner.run(SuiteRunner.java:240)
	at org.testng.SuiteRunnerWorker.runSuite(SuiteRunnerWorker.java:52)
	at org.testng.SuiteRunnerWorker.run(SuiteRunnerWorker.java:86)
	at org.testng.TestNG.runSuitesSequentially(TestNG.java:1198)
	at org.testng.TestNG.runSuitesLocally(TestNG.java:1123)
	at org.testng.TestNG.run(TestNG.java:1031)
	at org.testng.remote.RemoteTestNG.run(RemoteTestNG.java:115)
	at org.testng.remote.RemoteTestNG.initAndRun(RemoteTestNG.java:207)
	at org.testng.remote.RemoteTestNG.main(RemoteTestNG.java:178)
]]>
            </full-stacktrace>
          </exception> <!-- java.lang.AssertionError -->
          <reporter-output>
          </reporter-output>
        </test-method> <!-- findBrokenLinks -->
        <test-method status="PASS" signature="findBrokenLinks1()[pri:0, instance:ask.util.SeleniumTest@1134affc]" name="findBrokenLinks1" duration-ms="24265" started-at="2020-04-04T13:11:06Z" finished-at="2020-04-04T13:11:30Z">
          <reporter-output>
          </reporter-output>
        </test-method> <!-- findBrokenLinks1 -->
      </class> <!-- ask.util.SeleniumTest -->
    </test> <!-- Default test -->
  </suite> <!-- Default suite -->
</testng-results>
